<?xml version="1.0" encoding="UTF-8"?>
<!-- Generated by org.testng.reporters.JUnitReportReporter -->
<testsuite hostname="DESKTOP-LU8C54V" failures="0" tests="1" name="org.e_banking.testStep.TC1" time="47.366" errors="0" timestamp="9 Oct 2022 07:08:41 GMT">
  <testcase classname="org.e_banking.testStep.TC1" name="SM1" time="47.366"/>
</testsuite> <!-- org.e_banking.testStep.TC1 -->
